{"/home/vinicius/Área de trabalho/NodeProjects/MyNodefy/src/ORM/Builder/SelectBuilder.js":{"path":"/home/vinicius/Área de trabalho/NodeProjects/MyNodefy/src/ORM/Builder/SelectBuilder.js","s":{"1":10,"2":12,"3":12,"4":10,"5":10,"6":3,"7":3,"8":3,"9":2,"10":1,"11":2,"12":1,"13":3,"14":1,"15":2,"16":3,"17":5,"18":3,"19":3,"20":1,"21":2,"22":2,"23":3,"24":1,"25":2,"26":2,"27":9,"28":1,"29":8,"30":1,"31":7,"32":7,"33":7,"34":3,"35":7,"36":2,"37":7,"38":2,"39":7,"40":1},"b":{"1":[3,0],"2":[2,1],"3":[1,1],"4":[1,1],"5":[1,2],"6":[1,2],"7":[1,2],"8":[1,8],"9":[1,7],"10":[3,4],"11":[2,5],"12":[2,5]},"f":{"1":10,"2":12,"3":10,"4":3,"5":3,"6":3,"7":9},"fnMap":{"1":{"name":"(anonymous_1)","line":6,"loc":{"start":{"line":6,"column":15},"end":{"line":7,"column":4}}},"2":{"name":"(anonymous_2)","line":11,"loc":{"start":{"line":11,"column":10},"end":{"line":12,"column":4}}},"3":{"name":"(anonymous_3)","line":18,"loc":{"start":{"line":18,"column":8},"end":{"line":19,"column":4}}},"4":{"name":"(anonymous_4)","line":25,"loc":{"start":{"line":25,"column":9},"end":{"line":26,"column":4}}},"5":{"name":"(anonymous_5)","line":50,"loc":{"start":{"line":50,"column":9},"end":{"line":51,"column":4}}},"6":{"name":"(anonymous_6)","line":60,"loc":{"start":{"line":60,"column":10},"end":{"line":61,"column":4}}},"7":{"name":"(anonymous_7)","line":70,"loc":{"start":{"line":70,"column":9},"end":{"line":71,"column":4}}}},"statementMap":{"1":{"start":{"line":8,"column":8},"end":{"line":8,"column":25}},"2":{"start":{"line":13,"column":8},"end":{"line":13,"column":30}},"3":{"start":{"line":15,"column":8},"end":{"line":15,"column":20}},"4":{"start":{"line":20,"column":8},"end":{"line":20,"column":26}},"5":{"start":{"line":22,"column":8},"end":{"line":22,"column":20}},"6":{"start":{"line":27,"column":8},"end":{"line":28,"column":29}},"7":{"start":{"line":28,"column":12},"end":{"line":28,"column":29}},"8":{"start":{"line":30,"column":8},"end":{"line":36,"column":9}},"9":{"start":{"line":31,"column":12},"end":{"line":32,"column":47}},"10":{"start":{"line":32,"column":16},"end":{"line":32,"column":47}},"11":{"start":{"line":34,"column":12},"end":{"line":35,"column":63}},"12":{"start":{"line":35,"column":16},"end":{"line":35,"column":63}},"13":{"start":{"line":38,"column":8},"end":{"line":41,"column":9}},"14":{"start":{"line":39,"column":12},"end":{"line":40,"column":39}},"15":{"start":{"line":40,"column":16},"end":{"line":40,"column":39}},"16":{"start":{"line":43,"column":8},"end":{"line":45,"column":11}},"17":{"start":{"line":44,"column":12},"end":{"line":44,"column":51}},"18":{"start":{"line":47,"column":8},"end":{"line":47,"column":20}},"19":{"start":{"line":52,"column":8},"end":{"line":53,"column":60}},"20":{"start":{"line":53,"column":12},"end":{"line":53,"column":60}},"21":{"start":{"line":55,"column":8},"end":{"line":55,"column":28}},"22":{"start":{"line":57,"column":8},"end":{"line":57,"column":20}},"23":{"start":{"line":62,"column":8},"end":{"line":63,"column":61}},"24":{"start":{"line":63,"column":12},"end":{"line":63,"column":61}},"25":{"start":{"line":65,"column":8},"end":{"line":65,"column":30}},"26":{"start":{"line":67,"column":8},"end":{"line":67,"column":20}},"27":{"start":{"line":72,"column":8},"end":{"line":73,"column":77}},"28":{"start":{"line":73,"column":12},"end":{"line":73,"column":77}},"29":{"start":{"line":75,"column":8},"end":{"line":76,"column":89}},"30":{"start":{"line":76,"column":12},"end":{"line":76,"column":89}},"31":{"start":{"line":78,"column":8},"end":{"line":78,"column":64}},"32":{"start":{"line":80,"column":8},"end":{"line":80,"column":33}},"33":{"start":{"line":81,"column":8},"end":{"line":82,"column":58}},"34":{"start":{"line":82,"column":12},"end":{"line":82,"column":58}},"35":{"start":{"line":84,"column":8},"end":{"line":85,"column":45}},"36":{"start":{"line":85,"column":12},"end":{"line":85,"column":45}},"37":{"start":{"line":87,"column":8},"end":{"line":88,"column":47}},"38":{"start":{"line":88,"column":12},"end":{"line":88,"column":47}},"39":{"start":{"line":90,"column":8},"end":{"line":90,"column":27}},"40":{"start":{"line":95,"column":0},"end":{"line":95,"column":31}}},"branchMap":{"1":{"line":27,"type":"if","locations":[{"start":{"line":27,"column":8},"end":{"line":27,"column":8}},{"start":{"line":27,"column":8},"end":{"line":27,"column":8}}]},"2":{"line":30,"type":"if","locations":[{"start":{"line":30,"column":8},"end":{"line":30,"column":8}},{"start":{"line":30,"column":8},"end":{"line":30,"column":8}}]},"3":{"line":31,"type":"if","locations":[{"start":{"line":31,"column":12},"end":{"line":31,"column":12}},{"start":{"line":31,"column":12},"end":{"line":31,"column":12}}]},"4":{"line":34,"type":"if","locations":[{"start":{"line":34,"column":12},"end":{"line":34,"column":12}},{"start":{"line":34,"column":12},"end":{"line":34,"column":12}}]},"5":{"line":38,"type":"if","locations":[{"start":{"line":38,"column":8},"end":{"line":38,"column":8}},{"start":{"line":38,"column":8},"end":{"line":38,"column":8}}]},"6":{"line":52,"type":"if","locations":[{"start":{"line":52,"column":8},"end":{"line":52,"column":8}},{"start":{"line":52,"column":8},"end":{"line":52,"column":8}}]},"7":{"line":62,"type":"if","locations":[{"start":{"line":62,"column":8},"end":{"line":62,"column":8}},{"start":{"line":62,"column":8},"end":{"line":62,"column":8}}]},"8":{"line":72,"type":"if","locations":[{"start":{"line":72,"column":8},"end":{"line":72,"column":8}},{"start":{"line":72,"column":8},"end":{"line":72,"column":8}}]},"9":{"line":75,"type":"if","locations":[{"start":{"line":75,"column":8},"end":{"line":75,"column":8}},{"start":{"line":75,"column":8},"end":{"line":75,"column":8}}]},"10":{"line":81,"type":"if","locations":[{"start":{"line":81,"column":8},"end":{"line":81,"column":8}},{"start":{"line":81,"column":8},"end":{"line":81,"column":8}}]},"11":{"line":84,"type":"if","locations":[{"start":{"line":84,"column":8},"end":{"line":84,"column":8}},{"start":{"line":84,"column":8},"end":{"line":84,"column":8}}]},"12":{"line":87,"type":"if","locations":[{"start":{"line":87,"column":8},"end":{"line":87,"column":8}},{"start":{"line":87,"column":8},"end":{"line":87,"column":8}}]}}}}