TN:
SF:/home/vinicius/Área de trabalho/NodeProjects/MyNodefy/src/ORM/Builder/SelectBuilder.js
FN:6,(anonymous_1)
FN:11,(anonymous_2)
FN:18,(anonymous_3)
FN:25,(anonymous_4)
FN:50,(anonymous_5)
FN:60,(anonymous_6)
FN:70,(anonymous_7)
FNF:7
FNH:7
FNDA:10,(anonymous_1)
FNDA:12,(anonymous_2)
FNDA:10,(anonymous_3)
FNDA:3,(anonymous_4)
FNDA:3,(anonymous_5)
FNDA:3,(anonymous_6)
FNDA:9,(anonymous_7)
DA:8,10
DA:13,12
DA:15,12
DA:20,10
DA:22,10
DA:27,3
DA:28,3
DA:30,3
DA:31,2
DA:32,1
DA:34,2
DA:35,1
DA:38,3
DA:39,1
DA:40,2
DA:43,3
DA:44,5
DA:47,3
DA:52,3
DA:53,1
DA:55,2
DA:57,2
DA:62,3
DA:63,1
DA:65,2
DA:67,2
DA:72,9
DA:73,1
DA:75,8
DA:76,1
DA:78,7
DA:80,7
DA:81,7
DA:82,3
DA:84,7
DA:85,2
DA:87,7
DA:88,2
DA:90,7
DA:95,1
LF:40
LH:40
BRDA:27,1,0,3
BRDA:27,1,1,0
BRDA:30,2,0,2
BRDA:30,2,1,1
BRDA:31,3,0,1
BRDA:31,3,1,1
BRDA:34,4,0,1
BRDA:34,4,1,1
BRDA:38,5,0,1
BRDA:38,5,1,2
BRDA:52,6,0,1
BRDA:52,6,1,2
BRDA:62,7,0,1
BRDA:62,7,1,2
BRDA:72,8,0,1
BRDA:72,8,1,8
BRDA:75,9,0,1
BRDA:75,9,1,7
BRDA:81,10,0,3
BRDA:81,10,1,4
BRDA:84,11,0,2
BRDA:84,11,1,5
BRDA:87,12,0,2
BRDA:87,12,1,5
BRF:24
BRH:23
end_of_record
